Using pre-set license
Built from '2020.3/staging' branch; Version is '2020.3.22f1 (e1a7f79fd887) revision 14788599'; Using compiler version '192528614'; Build Type 'Release'
OS: 'Windows 10 Home; OS build 19043.1586; Version 2009; 64bit' Language: 'en' Physical Memory: 7986 MB
BatchMode: 1, IsHumanControllingUs: 0, StartBugReporterOnCrash: 0, Is64bit: 1, IsPro: 0

COMMAND LINE ARGUMENTS:
D:\Unity\2020.3.22f1\Editor\Unity.exe
-adb2
-batchMode
-noUpm
-name
AssetImportWorker1
-projectPath
D:/GitHub Files/GameRush-Mile3Begin/GameProjectDev-main-main/Game_Rush
-logFile
Logs/AssetImportWorker1.log
-srvPort
58315
Successfully changed project path to: D:/GitHub Files/GameRush-Mile3Begin/GameProjectDev-main-main/Game_Rush
D:/GitHub Files/GameRush-Mile3Begin/GameProjectDev-main-main/Game_Rush
Using Asset Import Pipeline V2.
Refreshing native plugins compatible for Editor in 51.80 ms, found 2 plugins.
Preloading 0 native plugins for Editor in 0.00 ms.
Initialize engine version: 2020.3.22f1 (e1a7f79fd887)
[Subsystems] Discovering subsystems at path D:/Unity/2020.3.22f1/Editor/Data/Resources/UnitySubsystems
[Subsystems] Discovering subsystems at path D:/GitHub Files/GameRush-Mile3Begin/GameProjectDev-main-main/Game_Rush/Assets
GfxDevice: creating device client; threaded=0
Direct3D:
    Version:  Direct3D 11.0 [level 11.1]
    Renderer: NVIDIA GeForce GTX 1050 Ti (ID=0x1c8c)
    Vendor:   
    VRAM:     4018 MB
    Driver:   27.21.14.6231
Initialize mono
Mono path[0] = 'D:/Unity/2020.3.22f1/Editor/Data/Managed'
Mono path[1] = 'D:/Unity/2020.3.22f1/Editor/Data/MonoBleedingEdge/lib/mono/unityjit'
Mono config path = 'D:/Unity/2020.3.22f1/Editor/Data/MonoBleedingEdge/etc'
Using monoOptions --debugger-agent=transport=dt_socket,embedding=1,server=y,suspend=n,address=127.0.0.1:56308
Begin MonoManager ReloadAssembly
Registering precompiled unity dll's ...
Register platform support module: D:/Unity/2020.3.22f1/Editor/Data/PlaybackEngines/WindowsStandaloneSupport/UnityEditor.WindowsStandalone.Extensions.dll
Registered in 0.000974 seconds.
Native extension for WindowsStandalone target not found
Refreshing native plugins compatible for Editor in 50.89 ms, found 2 plugins.
Preloading 0 native plugins for Editor in 0.00 ms.
Mono: successfully reloaded assembly
- Completed reload, in  0.989 seconds
Domain Reload Profiling:
	ReloadAssembly (989ms)
		BeginReloadAssembly (48ms)
			ExecutionOrderSort (0ms)
			DisableScriptedObjects (0ms)
			BackupInstance (0ms)
			ReleaseScriptingObjects (0ms)
			CreateAndSetChildDomain (1ms)
		EndReloadAssembly (421ms)
			LoadAssemblies (47ms)
			RebuildTransferFunctionScriptingTraits (0ms)
			SetupTypeCache (138ms)
			ReleaseScriptCaches (0ms)
			RebuildScriptCaches (29ms)
			SetupLoadedEditorAssemblies (169ms)
				LogAssemblyErrors (0ms)
				InitializePlatformSupportModulesInManaged (3ms)
				SetLoadedEditorAssemblies (0ms)
				RefreshPlugins (51ms)
				BeforeProcessingInitializeOnLoad (15ms)
				ProcessInitializeOnLoadAttributes (75ms)
				ProcessInitializeOnLoadMethodAttributes (26ms)
				AfterProcessingInitializeOnLoad (0ms)
				EditorAssembliesLoaded (0ms)
			ExecutionOrderSort2 (0ms)
			AwakeInstancesAfterBackupRestoration (0ms)
Platform modules already initialized, skipping
Registering precompiled user dll's ...
Registered in 0.003442 seconds.
Begin MonoManager ReloadAssembly
Native extension for WindowsStandalone target not found
Refreshing native plugins compatible for Editor in 84.17 ms, found 2 plugins.
Preloading 0 native plugins for Editor in 0.00 ms.
Mono: successfully reloaded assembly
- Completed reload, in  1.579 seconds
Domain Reload Profiling:
	ReloadAssembly (1580ms)
		BeginReloadAssembly (192ms)
			ExecutionOrderSort (0ms)
			DisableScriptedObjects (6ms)
			BackupInstance (0ms)
			ReleaseScriptingObjects (0ms)
			CreateAndSetChildDomain (31ms)
		EndReloadAssembly (1311ms)
			LoadAssemblies (129ms)
			RebuildTransferFunctionScriptingTraits (0ms)
			SetupTypeCache (458ms)
			ReleaseScriptCaches (1ms)
			RebuildScriptCaches (72ms)
			SetupLoadedEditorAssemblies (493ms)
				LogAssemblyErrors (0ms)
				InitializePlatformSupportModulesInManaged (5ms)
				SetLoadedEditorAssemblies (0ms)
				RefreshPlugins (84ms)
				BeforeProcessingInitializeOnLoad (113ms)
				ProcessInitializeOnLoadAttributes (273ms)
				ProcessInitializeOnLoadMethodAttributes (13ms)
				AfterProcessingInitializeOnLoad (3ms)
				EditorAssembliesLoaded (1ms)
			ExecutionOrderSort2 (0ms)
			AwakeInstancesAfterBackupRestoration (9ms)
Platform modules already initialized, skipping
========================================================================
Worker process is ready to serve import requests
Launched and connected shader compiler UnityShaderCompiler.exe after 0.14 seconds
Refreshing native plugins compatible for Editor in 1.35 ms, found 2 plugins.
Preloading 0 native plugins for Editor in 0.00 ms.
Unloading 2828 Unused Serialized files (Serialized files now loaded: 0)
System memory in use before: 127.9 MB.
System memory in use after: 128.1 MB.

Unloading 20 unused Assets to reduce memory usage. Loaded Objects now: 3261.
Total: 6.761400 ms (FindLiveObjects: 0.798600 ms CreateObjectMapping: 1.047100 ms MarkObjects: 4.761700 ms  DeleteObjects: 0.149300 ms)

AssetImportParameters requested are different than current active one (requested -> active):
  custom:framework-win-MediaFoundation: 216162199b28c13a410421893ffa2e32 -> 
  custom:video-decoder-ogg-theora: a1e56fd34408186e4bbccfd4996cb3dc -> 
  custom:container-muxer-webm: aa71ff27fc2769a1b78a27578f13a17b -> 
  custom:container-demuxer-webm: 4f35f7cbe854078d1ac9338744f61a02 -> 
  custom:container-demuxer-ogg: 62fdf1f143b41e24485cea50d1cbac27 -> 
  custom:video-encoder-webm-vp8: eb34c28f22e8b96e1ab97ce403110664 -> 
  custom:video-codec-MediaFoundation-h265: 746d11721c4dcdbdad8f713fa42b33f4 -> 
  custom:video-decoder-webm-vp8: 9c59270c3fd7afecdb556c50c9e8de78 -> 
  custom:audio-decoder-ogg-vorbis: bf7c407c2cedff20999df2af8eb42d56 -> 
  custom:audio-encoder-webm-vorbis: bf7c407c2cedff20999df2af8eb42d56 -> 
========================================================================
Received Import Request.
  path: Assets/Prefabs/Enemies/SoldierEnemy.prefab
  artifactKey: Guid(b67deec1c9b47bc4db3512d9ba549a19) Importer(815301076,1909f56bfc062723c751e8b465ee728b)
Start importing Assets/Prefabs/Enemies/SoldierEnemy.prefab using Guid(b67deec1c9b47bc4db3512d9ba549a19) Importer(815301076,1909f56bfc062723c751e8b465ee728b)  -> (artifact id: '73a861ffa068c7280adfbfd3e5fb7cc9') in 1.821745 seconds 
  Import took 1.830599 seconds .

========================================================================
Received Import Request.
  Time since last request: 0.000278 seconds.
  path: Assets/Prefabs/Enemies/InfantryEnemy.prefab
  artifactKey: Guid(353b2910c9895314bb7653d421dd2d12) Importer(815301076,1909f56bfc062723c751e8b465ee728b)
Start importing Assets/Prefabs/Enemies/InfantryEnemy.prefab using Guid(353b2910c9895314bb7653d421dd2d12) Importer(815301076,1909f56bfc062723c751e8b465ee728b)  -> (artifact id: '9ab557fe532aad1cfdeff7d79eea9bd9') in 0.026088 seconds 
  Import took 0.034463 seconds .

========================================================================
Received Import Request.
  Time since last request: 0.000504 seconds.
  path: Assets/Prefabs/DiskDropGame.prefab
  artifactKey: Guid(d9d33589f2beff844b078cf45b931612) Importer(815301076,1909f56bfc062723c751e8b465ee728b)
Start importing Assets/Prefabs/DiskDropGame.prefab using Guid(d9d33589f2beff844b078cf45b931612) Importer(815301076,1909f56bfc062723c751e8b465ee728b)  -> (artifact id: '69f2af4c03e08c1488ec3e2eda552d56') in 0.022495 seconds 
  Import took 0.031774 seconds .

========================================================================
Received Import Request.
  Time since last request: 0.000293 seconds.
  path: Assets/Prefabs/Enemies/BossEnemy.prefab
  artifactKey: Guid(e93e3812576943c489f78a911928021c) Importer(815301076,1909f56bfc062723c751e8b465ee728b)
Start importing Assets/Prefabs/Enemies/BossEnemy.prefab using Guid(e93e3812576943c489f78a911928021c) Importer(815301076,1909f56bfc062723c751e8b465ee728b)  -> (artifact id: 'e7574207042a0a31324dcad5ad01ad9f') in 0.023701 seconds 
  Import took 0.031776 seconds .

========================================================================
Received Import Request.
  Time since last request: 0.000277 seconds.
  path: Assets/Prefabs/Enemy 2.prefab
  artifactKey: Guid(7269c2dba4ec41f4e90bb954906b46e8) Importer(815301076,1909f56bfc062723c751e8b465ee728b)
Start importing Assets/Prefabs/Enemy 2.prefab using Guid(7269c2dba4ec41f4e90bb954906b46e8) Importer(815301076,1909f56bfc062723c751e8b465ee728b)  -> (artifact id: 'ac77db1ae88e085410b5611811b4d7ce') in 0.010947 seconds 
  Import took 0.016642 seconds .

========================================================================
Received Import Request.
  Time since last request: 0.000238 seconds.
  path: Assets/Prefabs/Enemies/FlyEnemy.prefab
  artifactKey: Guid(001af294bd825f74390f6873a6e3146e) Importer(815301076,1909f56bfc062723c751e8b465ee728b)
Start importing Assets/Prefabs/Enemies/FlyEnemy.prefab using Guid(001af294bd825f74390f6873a6e3146e) Importer(815301076,1909f56bfc062723c751e8b465ee728b)  -> (artifact id: '4432a4eb3ede3f302f28ed75130bf388') in 0.018045 seconds 
  Import took 0.025941 seconds .

========================================================================
Received Import Request.
  Time since last request: 0.000249 seconds.
  path: Assets/Prefabs/Enemies/ExplosionEffect.prefab
  artifactKey: Guid(01d83e3c2307614459a06bcdc1de9661) Importer(815301076,1909f56bfc062723c751e8b465ee728b)
Start importing Assets/Prefabs/Enemies/ExplosionEffect.prefab using Guid(01d83e3c2307614459a06bcdc1de9661) Importer(815301076,1909f56bfc062723c751e8b465ee728b)  -> (artifact id: 'f7880ae188c0db274b1ee40773bb688c') in 1.753101 seconds 
  Import took 1.764783 seconds .

========================================================================
Received Import Request.
  Time since last request: 0.000499 seconds.
  path: Assets/UniversalRenderPipelineAsset.asset
  artifactKey: Guid(b09d614cac3d86846a0123c618629f4e) Importer(815301076,1909f56bfc062723c751e8b465ee728b)
Start importing Assets/UniversalRenderPipelineAsset.asset using Guid(b09d614cac3d86846a0123c618629f4e) Importer(815301076,1909f56bfc062723c751e8b465ee728b)  -> (artifact id: 'cce2f1b416c88c06ee9dc15181f5c31a') in 0.019979 seconds 
  Import took 0.030814 seconds .

========================================================================
Received Import Request.
  Time since last request: 0.000224 seconds.
  path: Assets/Scenes
  artifactKey: Guid(50075532be697334d9b9235ae48ac337) Importer(815301076,1909f56bfc062723c751e8b465ee728b)
Start importing Assets/Scenes using Guid(50075532be697334d9b9235ae48ac337) Importer(815301076,1909f56bfc062723c751e8b465ee728b)  -> (artifact id: 'f067d39cc80c74bb9f6f9e8a9a86688b') in 0.007552 seconds 
  Import took 0.012691 seconds .

========================================================================
Received Import Request.
  Time since last request: 0.000208 seconds.
  path: Assets/Prefabs/Enemies/ExplodeDummy.prefab
  artifactKey: Guid(c256bae6a613de54395a34782c62decf) Importer(815301076,1909f56bfc062723c751e8b465ee728b)
Start importing Assets/Prefabs/Enemies/ExplodeDummy.prefab using Guid(c256bae6a613de54395a34782c62decf) Importer(815301076,1909f56bfc062723c751e8b465ee728b)  -> (artifact id: 'ef4aef871b5b3f99c91f0ae2781f71c8') in 0.009928 seconds 
  Import took 0.015427 seconds .

========================================================================
Received Import Request.
  Time since last request: 0.000582 seconds.
  path: Assets/Prefabs/Enemies
  artifactKey: Guid(7abb62d516288c749ba7dcecc9f758b7) Importer(815301076,1909f56bfc062723c751e8b465ee728b)
Start importing Assets/Prefabs/Enemies using Guid(7abb62d516288c749ba7dcecc9f758b7) Importer(815301076,1909f56bfc062723c751e8b465ee728b)  -> (artifact id: 'ec8b4b6a32ad49e02f128ece8bac1886') in 0.005274 seconds 
  Import took 0.012503 seconds .

========================================================================
Received Import Request.
  Time since last request: 0.000243 seconds.
  path: Assets/Prefabs/Enemies/TankEnemy.prefab
  artifactKey: Guid(250aee912231c83439ac272d77f7238a) Importer(815301076,1909f56bfc062723c751e8b465ee728b)
Start importing Assets/Prefabs/Enemies/TankEnemy.prefab using Guid(250aee912231c83439ac272d77f7238a) Importer(815301076,1909f56bfc062723c751e8b465ee728b)  -> (artifact id: '9611a780f6f5718e3c9d5e8b0125bc9d') in 0.022321 seconds 
  Import took 0.030436 seconds .

========================================================================
Received Import Request.
  Time since last request: 0.000712 seconds.
  path: Assets/Scenes/Level.unity
  artifactKey: Guid(63e7426a805f86f41adcbc7428a2c43d) Importer(815301076,1909f56bfc062723c751e8b465ee728b)
Start importing Assets/Scenes/Level.unity using Guid(63e7426a805f86f41adcbc7428a2c43d) Importer(815301076,1909f56bfc062723c751e8b465ee728b)  -> (artifact id: '156e9ffc673fc3723485e32f3c426bcd') in 0.006492 seconds 
  Import took 0.013589 seconds .

========================================================================
Received Import Request.
  Time since last request: 0.000474 seconds.
  path: Assets/Prefabs/Enemy.prefab
  artifactKey: Guid(0b4204bc3ab243742a1dc6dfb36234aa) Importer(815301076,1909f56bfc062723c751e8b465ee728b)
Start importing Assets/Prefabs/Enemy.prefab using Guid(0b4204bc3ab243742a1dc6dfb36234aa) Importer(815301076,1909f56bfc062723c751e8b465ee728b)  -> (artifact id: '366316e806d9db67ecdc111722e702a9') in 0.014204 seconds 
  Import took 0.022734 seconds .

========================================================================
Received Import Request.
  Time since last request: 0.000311 seconds.
  path: Assets/Prefabs/Enemies/Explosion.prefab
  artifactKey: Guid(cb6d2ce4b337cb74e869ba5dbb29b53b) Importer(815301076,1909f56bfc062723c751e8b465ee728b)
Start importing Assets/Prefabs/Enemies/Explosion.prefab using Guid(cb6d2ce4b337cb74e869ba5dbb29b53b) Importer(815301076,1909f56bfc062723c751e8b465ee728b)  -> (artifact id: '825771d6f5f1fdf67a6758d6a77c253b') in 0.075086 seconds 
  Import took 0.082202 seconds .

========================================================================
Received Import Request.
  Time since last request: 0.000297 seconds.
  path: Assets/Prefabs/Enemies/KnightEnemy.prefab
  artifactKey: Guid(c0e2ad396cd2e4747abff57fde0d3b27) Importer(815301076,1909f56bfc062723c751e8b465ee728b)
Start importing Assets/Prefabs/Enemies/KnightEnemy.prefab using Guid(c0e2ad396cd2e4747abff57fde0d3b27) Importer(815301076,1909f56bfc062723c751e8b465ee728b)  -> (artifact id: '079dafbfd09a7324d1f1ca0260bd1e0e') in 0.024269 seconds 
  Import took 0.033565 seconds .

========================================================================
Received Import Request.
  Time since last request: 0.000476 seconds.
  path: Assets/Prefabs
  artifactKey: Guid(83de39ff55a19c94d94025d9654c6bae) Importer(815301076,1909f56bfc062723c751e8b465ee728b)
Start importing Assets/Prefabs using Guid(83de39ff55a19c94d94025d9654c6bae) Importer(815301076,1909f56bfc062723c751e8b465ee728b)  -> (artifact id: '5a80fe63bfac6ff466c54ebbbdf8021d') in 0.005868 seconds 
  Import took 0.013471 seconds .

========================================================================
Received Import Request.
  Time since last request: 0.000309 seconds.
  path: Assets/UniversalRenderPipelineAsset_Renderer.asset
  artifactKey: Guid(6ebac667f1736914d9ae653da05c412b) Importer(815301076,1909f56bfc062723c751e8b465ee728b)
Start importing Assets/UniversalRenderPipelineAsset_Renderer.asset using Guid(6ebac667f1736914d9ae653da05c412b) Importer(815301076,1909f56bfc062723c751e8b465ee728b)  -> (artifact id: '6695e09f77c9ce6f1d46c61009fb4919') in 0.008060 seconds 
  Import took 0.015800 seconds .

========================================================================
Received Import Request.
  Time since last request: 59.319679 seconds.
  path: Assets/Scripts
  artifactKey: Guid(02a3527b6b33a924e8ec66aa805ea717) Importer(815301076,1909f56bfc062723c751e8b465ee728b)
Start importing Assets/Scripts using Guid(02a3527b6b33a924e8ec66aa805ea717) Importer(815301076,1909f56bfc062723c751e8b465ee728b)  -> (artifact id: 'f0a913a0049096cde5d6a727232f232f') in 0.007645 seconds 
  Import took 0.011935 seconds .

========================================================================
Received Import Request.
  Time since last request: 1.868365 seconds.
  path: Assets/Scripts/EnemyScripts
  artifactKey: Guid(d2fd57075584b08408510dbf0f2e4057) Importer(815301076,1909f56bfc062723c751e8b465ee728b)
Start importing Assets/Scripts/EnemyScripts using Guid(d2fd57075584b08408510dbf0f2e4057) Importer(815301076,1909f56bfc062723c751e8b465ee728b)  -> (artifact id: '44707883193e3d68f39832ac4619d4ce') in 0.005040 seconds 
  Import took 0.009605 seconds .

========================================================================
Received Prepare
Refreshing native plugins compatible for Editor in 2.64 ms, found 2 plugins.
Preloading 0 native plugins for Editor in 0.00 ms.
Unloading 16 Unused Serialized files (Serialized files now loaded: 0)
System memory in use before: 72.6 MB.
System memory in use after: 72.8 MB.

Unloading 16 unused Assets to reduce memory usage. Loaded Objects now: 3342.
Total: 4.458600 ms (FindLiveObjects: 0.284900 ms CreateObjectMapping: 0.121900 ms MarkObjects: 4.001400 ms  DeleteObjects: 0.049200 ms)

AssetImportParameters requested are different than current active one (requested -> active):
  custom:framework-win-MediaFoundation: 216162199b28c13a410421893ffa2e32 -> 
  custom:video-decoder-ogg-theora: a1e56fd34408186e4bbccfd4996cb3dc -> 
  custom:container-muxer-webm: aa71ff27fc2769a1b78a27578f13a17b -> 
  custom:container-demuxer-webm: 4f35f7cbe854078d1ac9338744f61a02 -> 
  custom:container-demuxer-ogg: 62fdf1f143b41e24485cea50d1cbac27 -> 
  custom:video-encoder-webm-vp8: eb34c28f22e8b96e1ab97ce403110664 -> 
  custom:video-codec-MediaFoundation-h265: 746d11721c4dcdbdad8f713fa42b33f4 -> 
  custom:video-decoder-webm-vp8: 9c59270c3fd7afecdb556c50c9e8de78 -> 
  custom:audio-decoder-ogg-vorbis: bf7c407c2cedff20999df2af8eb42d56 -> 
  custom:audio-encoder-webm-vorbis: bf7c407c2cedff20999df2af8eb42d56 -> 
========================================================================
Received Import Request.
  Time since last request: 20.326349 seconds.
  path: Assets/Scripts/EnemyScripts/EnemyHitFlash.cs
  artifactKey: Guid(ae46b552f540f734bac43d9657974dcd) Importer(815301076,1909f56bfc062723c751e8b465ee728b)
Start importing Assets/Scripts/EnemyScripts/EnemyHitFlash.cs using Guid(ae46b552f540f734bac43d9657974dcd) Importer(815301076,1909f56bfc062723c751e8b465ee728b)  -> (artifact id: 'c2def6a1144cfe4eb2572cb7af43e64f') in 0.008537 seconds 
  Import took 0.012992 seconds .

========================================================================
Received Prepare
Registering precompiled user dll's ...
Registered in 0.003356 seconds.
Begin MonoManager ReloadAssembly
Native extension for WindowsStandalone target not found
Refreshing native plugins compatible for Editor in 0.54 ms, found 2 plugins.
Preloading 0 native plugins for Editor in 0.00 ms.
Mono: successfully reloaded assembly
- Completed reload, in  1.039 seconds
Domain Reload Profiling:
	ReloadAssembly (1039ms)
		BeginReloadAssembly (129ms)
			ExecutionOrderSort (0ms)
			DisableScriptedObjects (6ms)
			BackupInstance (0ms)
			ReleaseScriptingObjects (0ms)
			CreateAndSetChildDomain (43ms)
		EndReloadAssembly (843ms)
			LoadAssemblies (88ms)
			RebuildTransferFunctionScriptingTraits (0ms)
			SetupTypeCache (309ms)
			ReleaseScriptCaches (1ms)
			RebuildScriptCaches (39ms)
			SetupLoadedEditorAssemblies (274ms)
				LogAssemblyErrors (0ms)
				InitializePlatformSupportModulesInManaged (4ms)
				SetLoadedEditorAssemblies (0ms)
				RefreshPlugins (1ms)
				BeforeProcessingInitializeOnLoad (77ms)
				ProcessInitializeOnLoadAttributes (182ms)
				ProcessInitializeOnLoadMethodAttributes (8ms)
				AfterProcessingInitializeOnLoad (2ms)
				EditorAssembliesLoaded (0ms)
			ExecutionOrderSort2 (0ms)
			AwakeInstancesAfterBackupRestoration (15ms)
Platform modules already initialized, skipping
Refreshing native plugins compatible for Editor in 0.53 ms, found 2 plugins.
Preloading 0 native plugins for Editor in 0.00 ms.
Unloading 2717 Unused Serialized files (Serialized files now loaded: 0)
System memory in use before: 126.2 MB.
System memory in use after: 126.4 MB.

Unloading 15 unused Assets to reduce memory usage. Loaded Objects now: 3317.
Total: 3.341800 ms (FindLiveObjects: 0.269000 ms CreateObjectMapping: 0.118100 ms MarkObjects: 2.935900 ms  DeleteObjects: 0.017900 ms)

AssetImportParameters requested are different than current active one (requested -> active):
  custom:framework-win-MediaFoundation: 216162199b28c13a410421893ffa2e32 -> 
  custom:video-decoder-ogg-theora: a1e56fd34408186e4bbccfd4996cb3dc -> 
  custom:container-muxer-webm: aa71ff27fc2769a1b78a27578f13a17b -> 
  custom:container-demuxer-webm: 4f35f7cbe854078d1ac9338744f61a02 -> 
  custom:container-demuxer-ogg: 62fdf1f143b41e24485cea50d1cbac27 -> 
  custom:video-encoder-webm-vp8: eb34c28f22e8b96e1ab97ce403110664 -> 
  custom:video-codec-MediaFoundation-h265: 746d11721c4dcdbdad8f713fa42b33f4 -> 
  custom:video-decoder-webm-vp8: 9c59270c3fd7afecdb556c50c9e8de78 -> 
  custom:audio-decoder-ogg-vorbis: bf7c407c2cedff20999df2af8eb42d56 -> 
  custom:audio-encoder-webm-vorbis: bf7c407c2cedff20999df2af8eb42d56 -> 
========================================================================
Received Import Request.
  Time since last request: 47.497839 seconds.
  path: Assets/Scripts/EnemyScripts/EnemyHealth.cs
  artifactKey: Guid(c9d343a36a9927e4fb1967b1c755919c) Importer(815301076,1909f56bfc062723c751e8b465ee728b)
Start importing Assets/Scripts/EnemyScripts/EnemyHealth.cs using Guid(c9d343a36a9927e4fb1967b1c755919c) Importer(815301076,1909f56bfc062723c751e8b465ee728b)  -> (artifact id: '330e10ec4bdcc52902b7595acd110ca1') in 0.025521 seconds 
  Import took 0.064796 seconds .

========================================================================
Received Import Request.
  Time since last request: 4.550940 seconds.
  path: Assets/Scripts/EnemyScripts/EnemyAttackRanged.cs
  artifactKey: Guid(f44cdaf731308d94595d064bfacfee32) Importer(815301076,1909f56bfc062723c751e8b465ee728b)
Start importing Assets/Scripts/EnemyScripts/EnemyAttackRanged.cs using Guid(f44cdaf731308d94595d064bfacfee32) Importer(815301076,1909f56bfc062723c751e8b465ee728b)  -> (artifact id: 'e590dec8f76b4100ea4e8bc127361268') in 0.008184 seconds 
  Import took 0.099325 seconds .

========================================================================
Received Import Request.
  Time since last request: 330.809429 seconds.
  path: Assets/Scripts/EnemyScripts/EnemyAttackRanged.cs
  artifactKey: Guid(f44cdaf731308d94595d064bfacfee32) Importer(815301076,1909f56bfc062723c751e8b465ee728b)
Start importing Assets/Scripts/EnemyScripts/EnemyAttackRanged.cs using Guid(f44cdaf731308d94595d064bfacfee32) Importer(815301076,1909f56bfc062723c751e8b465ee728b)  -> (artifact id: 'fe3686024e2f14ad5487a05de3f90389') in 0.001976 seconds 
  Import took 0.141612 seconds .

========================================================================
Received Prepare
Registering precompiled user dll's ...
Registered in 0.033904 seconds.
Begin MonoManager ReloadAssembly
Native extension for WindowsStandalone target not found
Refreshing native plugins compatible for Editor in 0.55 ms, found 2 plugins.
Preloading 0 native plugins for Editor in 0.00 ms.
Mono: successfully reloaded assembly
- Completed reload, in  2.473 seconds
Domain Reload Profiling:
	ReloadAssembly (2473ms)
		BeginReloadAssembly (111ms)
			ExecutionOrderSort (0ms)
			DisableScriptedObjects (5ms)
			BackupInstance (0ms)
			ReleaseScriptingObjects (0ms)
			CreateAndSetChildDomain (33ms)
		EndReloadAssembly (2311ms)
			LoadAssemblies (82ms)
			RebuildTransferFunctionScriptingTraits (0ms)
			SetupTypeCache (291ms)
			ReleaseScriptCaches (1ms)
			RebuildScriptCaches (39ms)
			SetupLoadedEditorAssemblies (272ms)
				LogAssemblyErrors (0ms)
				InitializePlatformSupportModulesInManaged (3ms)
				SetLoadedEditorAssemblies (0ms)
				RefreshPlugins (1ms)
				BeforeProcessingInitializeOnLoad (73ms)
				ProcessInitializeOnLoadAttributes (184ms)
				ProcessInitializeOnLoadMethodAttributes (8ms)
				AfterProcessingInitializeOnLoad (2ms)
				EditorAssembliesLoaded (0ms)
			ExecutionOrderSort2 (0ms)
			AwakeInstancesAfterBackupRestoration (14ms)
Platform modules already initialized, skipping
Refreshing native plugins compatible for Editor in 0.53 ms, found 2 plugins.
Preloading 0 native plugins for Editor in 0.00 ms.
Unloading 2717 Unused Serialized files (Serialized files now loaded: 0)
System memory in use before: 126.2 MB.
System memory in use after: 126.5 MB.

Unloading 15 unused Assets to reduce memory usage. Loaded Objects now: 3319.
Total: 3.590000 ms (FindLiveObjects: 0.276500 ms CreateObjectMapping: 0.109900 ms MarkObjects: 3.179300 ms  DeleteObjects: 0.023500 ms)

AssetImportParameters requested are different than current active one (requested -> active):
  custom:framework-win-MediaFoundation: 216162199b28c13a410421893ffa2e32 -> 
  custom:video-decoder-ogg-theora: a1e56fd34408186e4bbccfd4996cb3dc -> 
  custom:container-muxer-webm: aa71ff27fc2769a1b78a27578f13a17b -> 
  custom:container-demuxer-webm: 4f35f7cbe854078d1ac9338744f61a02 -> 
  custom:container-demuxer-ogg: 62fdf1f143b41e24485cea50d1cbac27 -> 
  custom:video-encoder-webm-vp8: eb34c28f22e8b96e1ab97ce403110664 -> 
  custom:video-codec-MediaFoundation-h265: 746d11721c4dcdbdad8f713fa42b33f4 -> 
  custom:video-decoder-webm-vp8: 9c59270c3fd7afecdb556c50c9e8de78 -> 
  custom:audio-decoder-ogg-vorbis: bf7c407c2cedff20999df2af8eb42d56 -> 
  custom:audio-encoder-webm-vorbis: bf7c407c2cedff20999df2af8eb42d56 -> 
========================================================================
Received Import Request.
  Time since last request: 56.413687 seconds.
  path: Assets/Prefabs/Enemies/SoldierEnemy.prefab
  artifactKey: Guid(b67deec1c9b47bc4db3512d9ba549a19) Importer(815301076,1909f56bfc062723c751e8b465ee728b)
Start importing Assets/Prefabs/Enemies/SoldierEnemy.prefab using Guid(b67deec1c9b47bc4db3512d9ba549a19) Importer(815301076,1909f56bfc062723c751e8b465ee728b)  -> (artifact id: '23c68e9a0f62a33317ee8b1b4c79b0f0') in 0.335183 seconds 
  Import took 0.346808 seconds .

========================================================================
Received Import Request.
  Time since last request: 0.000291 seconds.
  path: Assets/Prefabs/Enemies/InfantryEnemy.prefab
  artifactKey: Guid(353b2910c9895314bb7653d421dd2d12) Importer(815301076,1909f56bfc062723c751e8b465ee728b)
Start importing Assets/Prefabs/Enemies/InfantryEnemy.prefab using Guid(353b2910c9895314bb7653d421dd2d12) Importer(815301076,1909f56bfc062723c751e8b465ee728b)  -> (artifact id: '1d860ebe3d88768bcaed315d3f5e8b1b') in 0.043911 seconds 
  Import took 0.155941 seconds .

========================================================================
Received Import Request.
  Time since last request: 0.000318 seconds.
  path: Assets/Prefabs/Enemies/BossEnemy.prefab
  artifactKey: Guid(e93e3812576943c489f78a911928021c) Importer(815301076,1909f56bfc062723c751e8b465ee728b)
Start importing Assets/Prefabs/Enemies/BossEnemy.prefab using Guid(e93e3812576943c489f78a911928021c) Importer(815301076,1909f56bfc062723c751e8b465ee728b)  -> (artifact id: 'f6d6e7220f4a21a2ba58bee291a8d818') in 0.042573 seconds 
  Import took 0.112129 seconds .

========================================================================
Received Import Request.
  Time since last request: 0.000319 seconds.
  path: ProjectSettings/TagManager.asset
  artifactKey: Guid(00000000000000003000000000000000) Importer(815301076,1909f56bfc062723c751e8b465ee728b)
Start importing ProjectSettings/TagManager.asset using Guid(00000000000000003000000000000000) Importer(815301076,1909f56bfc062723c751e8b465ee728b)  -> (artifact id: '973ec5cee39d67500f84f366c1029348') in 0.046712 seconds 
  Import took 0.093970 seconds .

========================================================================
Received Import Request.
  Time since last request: 0.000312 seconds.
  path: Assets/Prefabs/Enemy 2.prefab
  artifactKey: Guid(7269c2dba4ec41f4e90bb954906b46e8) Importer(815301076,1909f56bfc062723c751e8b465ee728b)
Start importing Assets/Prefabs/Enemy 2.prefab using Guid(7269c2dba4ec41f4e90bb954906b46e8) Importer(815301076,1909f56bfc062723c751e8b465ee728b)  -> (artifact id: '509e13f3d7c2a0ddb2d572812e00381b') in 0.018963 seconds 
  Import took 0.091935 seconds .

========================================================================
Received Import Request.
  Time since last request: 0.000277 seconds.
  path: Assets/Prefabs/Enemies/FlyEnemy.prefab
  artifactKey: Guid(001af294bd825f74390f6873a6e3146e) Importer(815301076,1909f56bfc062723c751e8b465ee728b)
Start importing Assets/Prefabs/Enemies/FlyEnemy.prefab using Guid(001af294bd825f74390f6873a6e3146e) Importer(815301076,1909f56bfc062723c751e8b465ee728b)  -> (artifact id: '0499dcbc9ad91c4cdd17333508211cd8') in 0.031747 seconds 
  Import took 0.083847 seconds .

========================================================================
Received Import Request.
  Time since last request: 0.000307 seconds.
  path: Assets/Prefabs/Enemies/TankEnemy.prefab
  artifactKey: Guid(250aee912231c83439ac272d77f7238a) Importer(815301076,1909f56bfc062723c751e8b465ee728b)
Start importing Assets/Prefabs/Enemies/TankEnemy.prefab using Guid(250aee912231c83439ac272d77f7238a) Importer(815301076,1909f56bfc062723c751e8b465ee728b)  -> (artifact id: '954c49b410cf5e30d706be875f4e5f72') in 0.013254 seconds 
  Import took 0.124519 seconds .

========================================================================
Received Import Request.
  Time since last request: 0.000309 seconds.
  path: Assets/Prefabs/Enemy.prefab
  artifactKey: Guid(0b4204bc3ab243742a1dc6dfb36234aa) Importer(815301076,1909f56bfc062723c751e8b465ee728b)
Start importing Assets/Prefabs/Enemy.prefab using Guid(0b4204bc3ab243742a1dc6dfb36234aa) Importer(815301076,1909f56bfc062723c751e8b465ee728b)  -> (artifact id: 'f59a82d9e576fc57cd65b3b00dd74e73') in 0.012273 seconds 
  Import took 0.016917 seconds .

========================================================================
Received Import Request.
  Time since last request: 0.000292 seconds.
  path: Assets/Prefabs/Enemies/KnightEnemy.prefab
  artifactKey: Guid(c0e2ad396cd2e4747abff57fde0d3b27) Importer(815301076,1909f56bfc062723c751e8b465ee728b)
Start importing Assets/Prefabs/Enemies/KnightEnemy.prefab using Guid(c0e2ad396cd2e4747abff57fde0d3b27) Importer(815301076,1909f56bfc062723c751e8b465ee728b)  -> (artifact id: 'd9573d3990d2215091c580d2085309b2') in 0.039713 seconds 
  Import took 0.048097 seconds .

========================================================================
Received Import Request.
  Time since last request: 22.417944 seconds.
  path: Assets/Prefabs/Enemies/InfantryEnemy.prefab
  artifactKey: Guid(353b2910c9895314bb7653d421dd2d12) Importer(815301076,1909f56bfc062723c751e8b465ee728b)
Start importing Assets/Prefabs/Enemies/InfantryEnemy.prefab using Guid(353b2910c9895314bb7653d421dd2d12) Importer(815301076,1909f56bfc062723c751e8b465ee728b)  -> (artifact id: '2e091fc8bf0dab0c713f945b76bc7068') in 0.018354 seconds 
  Import took 0.082067 seconds .

========================================================================
Received Import Request.
  Time since last request: 5.713523 seconds.
  path: Assets/Prefabs/Enemies/InfantryEnemy.prefab
  artifactKey: Guid(353b2910c9895314bb7653d421dd2d12) Importer(815301076,1909f56bfc062723c751e8b465ee728b)
Start importing Assets/Prefabs/Enemies/InfantryEnemy.prefab using Guid(353b2910c9895314bb7653d421dd2d12) Importer(815301076,1909f56bfc062723c751e8b465ee728b)  -> (artifact id: '757ab7ce3a8e8b18819b6c803ee4f7dd') in 0.015532 seconds 
  Import took 0.084163 seconds .

========================================================================
Received Import Request.
  Time since last request: 1.661914 seconds.
  path: Assets/Prefabs/Enemies/InfantryEnemy.prefab
  artifactKey: Guid(353b2910c9895314bb7653d421dd2d12) Importer(815301076,1909f56bfc062723c751e8b465ee728b)
Start importing Assets/Prefabs/Enemies/InfantryEnemy.prefab using Guid(353b2910c9895314bb7653d421dd2d12) Importer(815301076,1909f56bfc062723c751e8b465ee728b)  -> (artifact id: '3d38b4c9b21bccae8f61db0316f458ea') in 0.013119 seconds 
  Import took 0.064529 seconds .

========================================================================
Received Import Request.
  Time since last request: 9.722543 seconds.
  path: Assets/Prefabs/Enemies/InfantryEnemy.prefab
  artifactKey: Guid(353b2910c9895314bb7653d421dd2d12) Importer(815301076,1909f56bfc062723c751e8b465ee728b)
Start importing Assets/Prefabs/Enemies/InfantryEnemy.prefab using Guid(353b2910c9895314bb7653d421dd2d12) Importer(815301076,1909f56bfc062723c751e8b465ee728b)  -> (artifact id: '2a503c545797d5d065f30d66369e2cf7') in 0.014009 seconds 
  Import took 0.121979 seconds .

========================================================================
Received Import Request.
  Time since last request: 7.970962 seconds.
  path: Assets/Prefabs/Enemies/InfantryEnemy.prefab
  artifactKey: Guid(353b2910c9895314bb7653d421dd2d12) Importer(815301076,1909f56bfc062723c751e8b465ee728b)
Start importing Assets/Prefabs/Enemies/InfantryEnemy.prefab using Guid(353b2910c9895314bb7653d421dd2d12) Importer(815301076,1909f56bfc062723c751e8b465ee728b)  -> (artifact id: '3b7eaec67e10a2279ed18ebb895d1643') in 0.016453 seconds 
  Import took 0.101207 seconds .

========================================================================
Received Import Request.
  Time since last request: 20.464839 seconds.
  path: Assets/Prefabs/Enemies/InfantryEnemy.prefab
  artifactKey: Guid(353b2910c9895314bb7653d421dd2d12) Importer(815301076,1909f56bfc062723c751e8b465ee728b)
Start importing Assets/Prefabs/Enemies/InfantryEnemy.prefab using Guid(353b2910c9895314bb7653d421dd2d12) Importer(815301076,1909f56bfc062723c751e8b465ee728b)  -> (artifact id: '92a0ba20e552d8174282ea6dea1a8626') in 0.014378 seconds 
  Import took 0.021923 seconds .

========================================================================
Received Import Request.
  Time since last request: 14.924123 seconds.
  path: Assets/Prefabs/Enemies/InfantryEnemy.prefab
  artifactKey: Guid(353b2910c9895314bb7653d421dd2d12) Importer(815301076,1909f56bfc062723c751e8b465ee728b)
Start importing Assets/Prefabs/Enemies/InfantryEnemy.prefab using Guid(353b2910c9895314bb7653d421dd2d12) Importer(815301076,1909f56bfc062723c751e8b465ee728b)  -> (artifact id: '2bc347df522ba1e8beb6c50e640dd01b') in 0.011622 seconds 
  Import took 0.044569 seconds .

========================================================================
Received Import Request.
  Time since last request: 6.692924 seconds.
  path: Assets/Prefabs/Enemies/InfantryEnemy.prefab
  artifactKey: Guid(353b2910c9895314bb7653d421dd2d12) Importer(815301076,1909f56bfc062723c751e8b465ee728b)
Start importing Assets/Prefabs/Enemies/InfantryEnemy.prefab using Guid(353b2910c9895314bb7653d421dd2d12) Importer(815301076,1909f56bfc062723c751e8b465ee728b)  -> (artifact id: '8444aeafd934fadec45afb829cb97652') in 0.017403 seconds 
  Import took 0.023571 seconds .

========================================================================
Received Import Request.
  Time since last request: 2.130930 seconds.
  path: Assets/Prefabs/Enemies/InfantryEnemy.prefab
  artifactKey: Guid(353b2910c9895314bb7653d421dd2d12) Importer(815301076,1909f56bfc062723c751e8b465ee728b)
Start importing Assets/Prefabs/Enemies/InfantryEnemy.prefab using Guid(353b2910c9895314bb7653d421dd2d12) Importer(815301076,1909f56bfc062723c751e8b465ee728b)  -> (artifact id: '64db2732c9e630c85c68626186ff8da3') in 0.018073 seconds 
  Import took 0.510906 seconds .

========================================================================
Received Import Request.
  Time since last request: 2.929053 seconds.
  path: Assets/Prefabs/Enemies/InfantryEnemy.prefab
  artifactKey: Guid(353b2910c9895314bb7653d421dd2d12) Importer(815301076,1909f56bfc062723c751e8b465ee728b)
Start importing Assets/Prefabs/Enemies/InfantryEnemy.prefab using Guid(353b2910c9895314bb7653d421dd2d12) Importer(815301076,1909f56bfc062723c751e8b465ee728b)  -> (artifact id: '938e64cf6ef123610ef9162df075761c') in 0.017199 seconds 
  Import took 0.022793 seconds .

========================================================================
Received Import Request.
  Time since last request: 14.455467 seconds.
  path: Assets/Prefabs/Enemies/InfantryEnemy.prefab
  artifactKey: Guid(353b2910c9895314bb7653d421dd2d12) Importer(815301076,1909f56bfc062723c751e8b465ee728b)
Start importing Assets/Prefabs/Enemies/InfantryEnemy.prefab using Guid(353b2910c9895314bb7653d421dd2d12) Importer(815301076,1909f56bfc062723c751e8b465ee728b)  -> (artifact id: '28c564d4dbbe63e42bcc9d961082d4ef') in 0.014737 seconds 
  Import took 0.033820 seconds .

========================================================================
Received Import Request.
  Time since last request: 3.898134 seconds.
  path: Assets/Prefabs/Enemies/InfantryEnemy.prefab
  artifactKey: Guid(353b2910c9895314bb7653d421dd2d12) Importer(815301076,1909f56bfc062723c751e8b465ee728b)
Start importing Assets/Prefabs/Enemies/InfantryEnemy.prefab using Guid(353b2910c9895314bb7653d421dd2d12) Importer(815301076,1909f56bfc062723c751e8b465ee728b)  -> (artifact id: '6781cc167e0afea08c01abde7f5bd4df') in 0.014047 seconds 
  Import took 0.149463 seconds .

========================================================================
Received Import Request.
  Time since last request: 2.772488 seconds.
  path: Assets/Prefabs/Enemies/InfantryEnemy.prefab
  artifactKey: Guid(353b2910c9895314bb7653d421dd2d12) Importer(815301076,1909f56bfc062723c751e8b465ee728b)
Start importing Assets/Prefabs/Enemies/InfantryEnemy.prefab using Guid(353b2910c9895314bb7653d421dd2d12) Importer(815301076,1909f56bfc062723c751e8b465ee728b)  -> (artifact id: 'aa748b7453547de00995b66545764ef1') in 0.020061 seconds 
  Import took 0.180713 seconds .

========================================================================
Received Import Request.
  Time since last request: 2.231232 seconds.
  path: Assets/Prefabs/Enemies/InfantryEnemy.prefab
  artifactKey: Guid(353b2910c9895314bb7653d421dd2d12) Importer(815301076,1909f56bfc062723c751e8b465ee728b)
Start importing Assets/Prefabs/Enemies/InfantryEnemy.prefab using Guid(353b2910c9895314bb7653d421dd2d12) Importer(815301076,1909f56bfc062723c751e8b465ee728b)  -> (artifact id: '4f93f1b8e8764429f71337ff9ec3fc36') in 0.019436 seconds 
  Import took 0.246694 seconds .

========================================================================
Received Import Request.
  Time since last request: 2.306360 seconds.
  path: Assets/Prefabs/Enemies/InfantryEnemy.prefab
  artifactKey: Guid(353b2910c9895314bb7653d421dd2d12) Importer(815301076,1909f56bfc062723c751e8b465ee728b)
Start importing Assets/Prefabs/Enemies/InfantryEnemy.prefab using Guid(353b2910c9895314bb7653d421dd2d12) Importer(815301076,1909f56bfc062723c751e8b465ee728b)  -> (artifact id: '6ff6206c2a4b035d317f74d603a11e31') in 0.015782 seconds 
  Import took 0.141864 seconds .

========================================================================
Received Import Request.
  Time since last request: 2.453558 seconds.
  path: Assets/Prefabs/Enemies/InfantryEnemy.prefab
  artifactKey: Guid(353b2910c9895314bb7653d421dd2d12) Importer(815301076,1909f56bfc062723c751e8b465ee728b)
Start importing Assets/Prefabs/Enemies/InfantryEnemy.prefab using Guid(353b2910c9895314bb7653d421dd2d12) Importer(815301076,1909f56bfc062723c751e8b465ee728b)  -> (artifact id: 'f417cc386d04211d0af58e3ba1684a02') in 0.014442 seconds 
  Import took 0.069173 seconds .

========================================================================
Received Import Request.
  Time since last request: 2.523444 seconds.
  path: Assets/Prefabs/Enemies/InfantryEnemy.prefab
  artifactKey: Guid(353b2910c9895314bb7653d421dd2d12) Importer(815301076,1909f56bfc062723c751e8b465ee728b)
Start importing Assets/Prefabs/Enemies/InfantryEnemy.prefab using Guid(353b2910c9895314bb7653d421dd2d12) Importer(815301076,1909f56bfc062723c751e8b465ee728b)  -> (artifact id: 'a04d51b79c3a2b919198ba0e1231e043') in 0.013829 seconds 
  Import took 0.043658 seconds .

========================================================================
Received Import Request.
  Time since last request: 2.024050 seconds.
  path: Assets/Prefabs/Enemies/InfantryEnemy.prefab
  artifactKey: Guid(353b2910c9895314bb7653d421dd2d12) Importer(815301076,1909f56bfc062723c751e8b465ee728b)
Start importing Assets/Prefabs/Enemies/InfantryEnemy.prefab using Guid(353b2910c9895314bb7653d421dd2d12) Importer(815301076,1909f56bfc062723c751e8b465ee728b)  -> (artifact id: '3c0cb2ce18d99f95c8269a7f6af649a9') in 0.015427 seconds 
  Import took 0.231753 seconds .

========================================================================
Received Import Request.
  Time since last request: 5.954551 seconds.
  path: Assets/Prefabs/Enemies/InfantryEnemy.prefab
  artifactKey: Guid(353b2910c9895314bb7653d421dd2d12) Importer(815301076,1909f56bfc062723c751e8b465ee728b)
Start importing Assets/Prefabs/Enemies/InfantryEnemy.prefab using Guid(353b2910c9895314bb7653d421dd2d12) Importer(815301076,1909f56bfc062723c751e8b465ee728b)  -> (artifact id: '408d51bf6d14b5ff052ef4025d310a97') in 0.015042 seconds 
  Import took 0.031951 seconds .

========================================================================
Received Import Request.
  Time since last request: 3.226449 seconds.
  path: Assets/Prefabs/Enemies/InfantryEnemy.prefab
  artifactKey: Guid(353b2910c9895314bb7653d421dd2d12) Importer(815301076,1909f56bfc062723c751e8b465ee728b)
Start importing Assets/Prefabs/Enemies/InfantryEnemy.prefab using Guid(353b2910c9895314bb7653d421dd2d12) Importer(815301076,1909f56bfc062723c751e8b465ee728b)  -> (artifact id: '385dc268036b2ef65ef0413653669c75') in 0.016444 seconds 
  Import took 0.022814 seconds .

========================================================================
Received Import Request.
  Time since last request: 2.693190 seconds.
  path: Assets/Prefabs/Enemies/InfantryEnemy.prefab
  artifactKey: Guid(353b2910c9895314bb7653d421dd2d12) Importer(815301076,1909f56bfc062723c751e8b465ee728b)
Start importing Assets/Prefabs/Enemies/InfantryEnemy.prefab using Guid(353b2910c9895314bb7653d421dd2d12) Importer(815301076,1909f56bfc062723c751e8b465ee728b)  -> (artifact id: '1d55e6f5b6f354e990aa20d19a8a9e50') in 0.022457 seconds 
  Import took 0.028772 seconds .

========================================================================
Received Import Request.
  Time since last request: 2.460434 seconds.
  path: Assets/Prefabs/Enemies/InfantryEnemy.prefab
  artifactKey: Guid(353b2910c9895314bb7653d421dd2d12) Importer(815301076,1909f56bfc062723c751e8b465ee728b)
Start importing Assets/Prefabs/Enemies/InfantryEnemy.prefab using Guid(353b2910c9895314bb7653d421dd2d12) Importer(815301076,1909f56bfc062723c751e8b465ee728b)  -> (artifact id: '12ff065ef646a201fe9d6f7ad00d1ded') in 0.014935 seconds 
  Import took 0.020744 seconds .

========================================================================
Received Import Request.
  Time since last request: 4.046550 seconds.
  path: Assets/Prefabs/Enemies/InfantryEnemy.prefab
  artifactKey: Guid(353b2910c9895314bb7653d421dd2d12) Importer(815301076,1909f56bfc062723c751e8b465ee728b)
Start importing Assets/Prefabs/Enemies/InfantryEnemy.prefab using Guid(353b2910c9895314bb7653d421dd2d12) Importer(815301076,1909f56bfc062723c751e8b465ee728b)  -> (artifact id: 'c3b0aca94d85258134741caad2ee7aba') in 0.016003 seconds 
  Import took 0.021210 seconds .

========================================================================
Received Import Request.
  Time since last request: 3.081262 seconds.
  path: Assets/Prefabs/Enemies/InfantryEnemy.prefab
  artifactKey: Guid(353b2910c9895314bb7653d421dd2d12) Importer(815301076,1909f56bfc062723c751e8b465ee728b)
Start importing Assets/Prefabs/Enemies/InfantryEnemy.prefab using Guid(353b2910c9895314bb7653d421dd2d12) Importer(815301076,1909f56bfc062723c751e8b465ee728b)  -> (artifact id: '9ca81ba0abb5dbafe76e4a3c0775f919') in 0.013509 seconds 
  Import took 0.019099 seconds .

========================================================================
Received Import Request.
  Time since last request: 3.790473 seconds.
  path: Assets/Prefabs/Enemies/InfantryEnemy.prefab
  artifactKey: Guid(353b2910c9895314bb7653d421dd2d12) Importer(815301076,1909f56bfc062723c751e8b465ee728b)
Start importing Assets/Prefabs/Enemies/InfantryEnemy.prefab using Guid(353b2910c9895314bb7653d421dd2d12) Importer(815301076,1909f56bfc062723c751e8b465ee728b)  -> (artifact id: 'c3c19cb97e411b54478985e287c5e031') in 0.018704 seconds 
  Import took 0.023820 seconds .

========================================================================
Received Import Request.
  Time since last request: 4.567427 seconds.
  path: Assets/Prefabs/Enemies/InfantryEnemy.prefab
  artifactKey: Guid(353b2910c9895314bb7653d421dd2d12) Importer(815301076,1909f56bfc062723c751e8b465ee728b)
Start importing Assets/Prefabs/Enemies/InfantryEnemy.prefab using Guid(353b2910c9895314bb7653d421dd2d12) Importer(815301076,1909f56bfc062723c751e8b465ee728b)  -> (artifact id: '94c4dadfc66396faa4f725c693dba73c') in 0.016422 seconds 
  Import took 0.022146 seconds .

========================================================================
Received Import Request.
  Time since last request: 16.034895 seconds.
  path: Assets/Prefabs/Enemies/SoldierEnemy.prefab
  artifactKey: Guid(b67deec1c9b47bc4db3512d9ba549a19) Importer(815301076,1909f56bfc062723c751e8b465ee728b)
Start importing Assets/Prefabs/Enemies/SoldierEnemy.prefab using Guid(b67deec1c9b47bc4db3512d9ba549a19) Importer(815301076,1909f56bfc062723c751e8b465ee728b)  -> (artifact id: 'e6d77714dc62549eae604761ef81c574') in 0.018489 seconds 
  Import took 0.071851 seconds .

========================================================================
Received Import Request.
  Time since last request: 5.541489 seconds.
  path: Assets/Prefabs/Enemies/SoldierEnemy.prefab
  artifactKey: Guid(b67deec1c9b47bc4db3512d9ba549a19) Importer(815301076,1909f56bfc062723c751e8b465ee728b)
Start importing Assets/Prefabs/Enemies/SoldierEnemy.prefab using Guid(b67deec1c9b47bc4db3512d9ba549a19) Importer(815301076,1909f56bfc062723c751e8b465ee728b)  -> (artifact id: 'ec67e1c1bc2203e9c9d761896eccdf2a') in 0.016284 seconds 
  Import took 0.021375 seconds .

========================================================================
Received Import Request.
  Time since last request: 1.102115 seconds.
  path: Assets/Prefabs/Enemies/SoldierEnemy.prefab
  artifactKey: Guid(b67deec1c9b47bc4db3512d9ba549a19) Importer(815301076,1909f56bfc062723c751e8b465ee728b)
Start importing Assets/Prefabs/Enemies/SoldierEnemy.prefab using Guid(b67deec1c9b47bc4db3512d9ba549a19) Importer(815301076,1909f56bfc062723c751e8b465ee728b)  -> (artifact id: '291ee788a395bd279d0aa64d50f555c1') in 0.014337 seconds 
  Import took 0.019739 seconds .

========================================================================
Received Import Request.
  Time since last request: 6.546898 seconds.
  path: Assets/Prefabs/Enemies/SoldierEnemy.prefab
  artifactKey: Guid(b67deec1c9b47bc4db3512d9ba549a19) Importer(815301076,1909f56bfc062723c751e8b465ee728b)
Start importing Assets/Prefabs/Enemies/SoldierEnemy.prefab using Guid(b67deec1c9b47bc4db3512d9ba549a19) Importer(815301076,1909f56bfc062723c751e8b465ee728b)  -> (artifact id: 'd562f4c931d2f84dbb2e529ae4512933') in 0.013238 seconds 
  Import took 0.097905 seconds .

========================================================================
Received Import Request.
  Time since last request: 2.445502 seconds.
  path: Assets/Prefabs/Enemies/SoldierEnemy.prefab
  artifactKey: Guid(b67deec1c9b47bc4db3512d9ba549a19) Importer(815301076,1909f56bfc062723c751e8b465ee728b)
Start importing Assets/Prefabs/Enemies/SoldierEnemy.prefab using Guid(b67deec1c9b47bc4db3512d9ba549a19) Importer(815301076,1909f56bfc062723c751e8b465ee728b)  -> (artifact id: 'fe22726da8aff7fc0cb74b5ef279ad25') in 0.014019 seconds 
  Import took 0.022838 seconds .

========================================================================
Received Import Request.
  Time since last request: 13.206156 seconds.
  path: Assets/Prefabs/Enemies/SoldierEnemy.prefab
  artifactKey: Guid(b67deec1c9b47bc4db3512d9ba549a19) Importer(815301076,1909f56bfc062723c751e8b465ee728b)
Start importing Assets/Prefabs/Enemies/SoldierEnemy.prefab using Guid(b67deec1c9b47bc4db3512d9ba549a19) Importer(815301076,1909f56bfc062723c751e8b465ee728b)  -> (artifact id: '11ecb9395d48e670c2661a1fbe6654f8') in 0.013350 seconds 
  Import took 0.117965 seconds .

========================================================================
Received Import Request.
  Time since last request: 6.169743 seconds.
  path: Assets/Prefabs/Enemies/SoldierEnemy.prefab
  artifactKey: Guid(b67deec1c9b47bc4db3512d9ba549a19) Importer(815301076,1909f56bfc062723c751e8b465ee728b)
Start importing Assets/Prefabs/Enemies/SoldierEnemy.prefab using Guid(b67deec1c9b47bc4db3512d9ba549a19) Importer(815301076,1909f56bfc062723c751e8b465ee728b)  -> (artifact id: '019ed51149413ffe19818f9630e7dd8a') in 0.020934 seconds 
  Import took 0.027050 seconds .

========================================================================
Received Import Request.
  Time since last request: 2.342502 seconds.
  path: Assets/Prefabs/Enemies/SoldierEnemy.prefab
  artifactKey: Guid(b67deec1c9b47bc4db3512d9ba549a19) Importer(815301076,1909f56bfc062723c751e8b465ee728b)
Start importing Assets/Prefabs/Enemies/SoldierEnemy.prefab using Guid(b67deec1c9b47bc4db3512d9ba549a19) Importer(815301076,1909f56bfc062723c751e8b465ee728b)  -> (artifact id: '1c243483b251c8a534d169c4c8102913') in 0.016063 seconds 
  Import took 0.021375 seconds .

========================================================================
Received Import Request.
  Time since last request: 2.172343 seconds.
  path: Assets/Prefabs/Enemies/SoldierEnemy.prefab
  artifactKey: Guid(b67deec1c9b47bc4db3512d9ba549a19) Importer(815301076,1909f56bfc062723c751e8b465ee728b)
Start importing Assets/Prefabs/Enemies/SoldierEnemy.prefab using Guid(b67deec1c9b47bc4db3512d9ba549a19) Importer(815301076,1909f56bfc062723c751e8b465ee728b)  -> (artifact id: '077d716023437024e8b5b67879b1f424') in 0.016095 seconds 
  Import took 0.021413 seconds .

========================================================================
Received Import Request.
  Time since last request: 2.894975 seconds.
  path: Assets/Prefabs/Enemies/SoldierEnemy.prefab
  artifactKey: Guid(b67deec1c9b47bc4db3512d9ba549a19) Importer(815301076,1909f56bfc062723c751e8b465ee728b)
Start importing Assets/Prefabs/Enemies/SoldierEnemy.prefab using Guid(b67deec1c9b47bc4db3512d9ba549a19) Importer(815301076,1909f56bfc062723c751e8b465ee728b)  -> (artifact id: 'd47d290c091603bfefa2d69b999a986b') in 0.014438 seconds 
  Import took 0.118848 seconds .

========================================================================
Received Import Request.
  Time since last request: 2.450250 seconds.
  path: Assets/Prefabs/Enemies/SoldierEnemy.prefab
  artifactKey: Guid(b67deec1c9b47bc4db3512d9ba549a19) Importer(815301076,1909f56bfc062723c751e8b465ee728b)
Start importing Assets/Prefabs/Enemies/SoldierEnemy.prefab using Guid(b67deec1c9b47bc4db3512d9ba549a19) Importer(815301076,1909f56bfc062723c751e8b465ee728b)  -> (artifact id: 'b6b3e5e70f5f80865e2adc54de304e19') in 0.015692 seconds 
  Import took 0.020875 seconds .

========================================================================
Received Import Request.
  Time since last request: 2.175723 seconds.
  path: Assets/Prefabs/Enemies/SoldierEnemy.prefab
  artifactKey: Guid(b67deec1c9b47bc4db3512d9ba549a19) Importer(815301076,1909f56bfc062723c751e8b465ee728b)
Start importing Assets/Prefabs/Enemies/SoldierEnemy.prefab using Guid(b67deec1c9b47bc4db3512d9ba549a19) Importer(815301076,1909f56bfc062723c751e8b465ee728b)  -> (artifact id: '9de27985f1e663a3a2e6e4f748dd7151') in 0.016369 seconds 
  Import took 0.021877 seconds .

========================================================================
Received Import Request.
  Time since last request: 2.206342 seconds.
  path: Assets/Prefabs/Enemies/SoldierEnemy.prefab
  artifactKey: Guid(b67deec1c9b47bc4db3512d9ba549a19) Importer(815301076,1909f56bfc062723c751e8b465ee728b)
Start importing Assets/Prefabs/Enemies/SoldierEnemy.prefab using Guid(b67deec1c9b47bc4db3512d9ba549a19) Importer(815301076,1909f56bfc062723c751e8b465ee728b)  -> (artifact id: '3de56321fc05df348d41ed0f6a12b27c') in 0.016219 seconds 
  Import took 0.476363 seconds .

========================================================================
Received Import Request.
  Time since last request: 2.453658 seconds.
  path: Assets/Prefabs/Enemies/SoldierEnemy.prefab
  artifactKey: Guid(b67deec1c9b47bc4db3512d9ba549a19) Importer(815301076,1909f56bfc062723c751e8b465ee728b)
Start importing Assets/Prefabs/Enemies/SoldierEnemy.prefab using Guid(b67deec1c9b47bc4db3512d9ba549a19) Importer(815301076,1909f56bfc062723c751e8b465ee728b)  -> (artifact id: '7f0867e5b06362642f04391081c9afae') in 0.014583 seconds 
  Import took 0.022027 seconds .

========================================================================
Received Import Request.
  Time since last request: 2.546641 seconds.
  path: Assets/Prefabs/Enemies/SoldierEnemy.prefab
  artifactKey: Guid(b67deec1c9b47bc4db3512d9ba549a19) Importer(815301076,1909f56bfc062723c751e8b465ee728b)
Start importing Assets/Prefabs/Enemies/SoldierEnemy.prefab using Guid(b67deec1c9b47bc4db3512d9ba549a19) Importer(815301076,1909f56bfc062723c751e8b465ee728b)  -> (artifact id: 'b51277a73ef0deeb87c0a4ef10930fd2') in 0.018743 seconds 
  Import took 0.038732 seconds .

========================================================================
Received Import Request.
  Time since last request: 4.437030 seconds.
  path: Assets/Prefabs/Enemies/SoldierEnemy.prefab
  artifactKey: Guid(b67deec1c9b47bc4db3512d9ba549a19) Importer(815301076,1909f56bfc062723c751e8b465ee728b)
Start importing Assets/Prefabs/Enemies/SoldierEnemy.prefab using Guid(b67deec1c9b47bc4db3512d9ba549a19) Importer(815301076,1909f56bfc062723c751e8b465ee728b)  -> (artifact id: 'b1f7082375c185c4d53973fa005e91be') in 0.023550 seconds 
  Import took 0.157874 seconds .

========================================================================
Received Import Request.
  Time since last request: 2.020110 seconds.
  path: Assets/Prefabs/Enemies/SoldierEnemy.prefab
  artifactKey: Guid(b67deec1c9b47bc4db3512d9ba549a19) Importer(815301076,1909f56bfc062723c751e8b465ee728b)
Start importing Assets/Prefabs/Enemies/SoldierEnemy.prefab using Guid(b67deec1c9b47bc4db3512d9ba549a19) Importer(815301076,1909f56bfc062723c751e8b465ee728b)  -> (artifact id: '7c27befe5750b5e5b2cd4aff86c3fed4') in 0.018518 seconds 
  Import took 0.025499 seconds .

========================================================================
Received Import Request.
  Time since last request: 2.475271 seconds.
  path: Assets/Prefabs/Enemies/SoldierEnemy.prefab
  artifactKey: Guid(b67deec1c9b47bc4db3512d9ba549a19) Importer(815301076,1909f56bfc062723c751e8b465ee728b)
Start importing Assets/Prefabs/Enemies/SoldierEnemy.prefab using Guid(b67deec1c9b47bc4db3512d9ba549a19) Importer(815301076,1909f56bfc062723c751e8b465ee728b)  -> (artifact id: '5cf0f624f005a9fdb153c0580c8da5b7') in 0.013874 seconds 
  Import took 0.019964 seconds .

AssetImportWorkerClient::OnTransportError - code=2 error=End of file
